[0m22:10:52.582315 [debug] [MainThread]: Sending event: {'category': 'dbt', 'action': 'invocation', 'label': 'start', 'context': [<snowplow_tracker.self_describing_json.SelfDescribingJson object at 0x0000022346B77640>, <snowplow_tracker.self_describing_json.SelfDescribingJson object at 0x0000022348FC36D0>, <snowplow_tracker.self_describing_json.SelfDescribingJson object at 0x0000022348FC31F0>]}


============================== 22:10:52.586315 | 5f4a88b4-19cd-42c7-990e-bfa4ece9a8e6 ==============================
[0m22:10:52.586315 [info ] [MainThread]: Running with dbt=1.5.11
[0m22:10:52.587315 [debug] [MainThread]: running dbt with arguments {'printer_width': '80', 'indirect_selection': 'eager', 'log_cache_events': 'False', 'write_json': 'True', 'partial_parse': 'True', 'cache_selected_only': 'False', 'warn_error': 'None', 'version_check': 'True', 'profiles_dir': 'C:\\Users\\mtri0\\.dbt', 'log_path': 'logs', 'debug': 'False', 'fail_fast': 'False', 'use_colors': 'True', 'use_experimental_parser': 'False', 'no_print': 'None', 'quiet': 'False', 'log_format': 'default', 'static_parser': 'True', 'introspect': 'True', 'warn_error_options': 'WarnErrorOptions(include=[], exclude=[])', 'target_path': 'None', 'send_anonymous_usage_stats': 'True'}
[0m22:10:57.820044 [debug] [MainThread]: Starter project path: D:\CS\dbt\.venv\lib\site-packages\dbt\include\starter_project
[0m22:11:08.244199 [info ] [MainThread]: 
Your new dbt project "dbt_tutorial" was created!

For more information on how to configure the profiles.yml file,
please consult the dbt documentation here:

  https://docs.getdbt.com/docs/configure-your-profile

One more thing:

Need help? Don't hesitate to reach out to us via GitHub issues or on Slack:

  https://community.getdbt.com/

Happy modeling!

[0m22:11:08.250163 [debug] [MainThread]: Command `dbt init` succeeded at 22:11:08.250163 after 15.69 seconds
[0m22:11:08.251163 [debug] [MainThread]: Sending event: {'category': 'dbt', 'action': 'invocation', 'label': 'end', 'context': [<snowplow_tracker.self_describing_json.SelfDescribingJson object at 0x0000022346B77640>, <snowplow_tracker.self_describing_json.SelfDescribingJson object at 0x0000022349030340>, <snowplow_tracker.self_describing_json.SelfDescribingJson object at 0x00000223490303D0>]}
[0m22:11:08.251163 [debug] [MainThread]: Flushing usage events
[0m10:49:44.532279 [debug] [MainThread]: Sending event: {'category': 'dbt', 'action': 'invocation', 'label': 'start', 'context': [<snowplow_tracker.self_describing_json.SelfDescribingJson object at 0x0000028968B77640>, <snowplow_tracker.self_describing_json.SelfDescribingJson object at 0x000002896AFC32E0>, <snowplow_tracker.self_describing_json.SelfDescribingJson object at 0x000002896AFC3070>]}


============================== 10:49:44.543367 | 639af617-6ba3-485d-98d8-f48bb45a9eb5 ==============================
[0m10:49:44.543367 [info ] [MainThread]: Running with dbt=1.5.11
[0m10:49:44.544366 [debug] [MainThread]: running dbt with arguments {'printer_width': '80', 'indirect_selection': 'eager', 'write_json': 'True', 'log_cache_events': 'False', 'partial_parse': 'True', 'cache_selected_only': 'False', 'profiles_dir': 'C:\\Users\\mtri0\\.dbt', 'version_check': 'True', 'debug': 'False', 'log_path': 'logs', 'fail_fast': 'False', 'warn_error': 'None', 'use_colors': 'True', 'use_experimental_parser': 'False', 'no_print': 'None', 'quiet': 'False', 'warn_error_options': 'WarnErrorOptions(include=[], exclude=[])', 'static_parser': 'True', 'log_format': 'default', 'introspect': 'True', 'target_path': 'None', 'send_anonymous_usage_stats': 'True'}
[0m10:49:44.544366 [error] [MainThread]: Encountered an error:
Runtime Error
  No dbt_project.yml found at expected path D:\CS\dbt\dbt_project.yml
  Verify that each entry within packages.yml (and their transitive dependencies) contains a file named dbt_project.yml
  
[0m10:49:44.545365 [debug] [MainThread]: Command `dbt run` failed at 10:49:44.545365 after 0.04 seconds
[0m10:49:44.546365 [debug] [MainThread]: Sending event: {'category': 'dbt', 'action': 'invocation', 'label': 'end', 'context': [<snowplow_tracker.self_describing_json.SelfDescribingJson object at 0x0000028968B77640>, <snowplow_tracker.self_describing_json.SelfDescribingJson object at 0x000002896AFC3040>, <snowplow_tracker.self_describing_json.SelfDescribingJson object at 0x000002896AFC3760>]}
[0m10:49:44.546365 [debug] [MainThread]: Flushing usage events
